<?xml version="1.0" encoding="UTF-8"?>
<testsuite xmlns:xsi="http://www.w3.org/2001/XMLSchema-instance" xsi:noNamespaceSchemaLocation="https://maven.apache.org/surefire/maven-surefire-plugin/xsd/surefire-test-report-3.0.xsd" version="3.0" name="solver.TimeTableConstraintProviderTest" time="1.015" tests="6" errors="0" skipped="0" failures="0">
  <properties>
[...]
</properties>
  <testcase name="teacherRoomStability" classname="solver.TimeTableConstraintProviderTest" time="0.8"/>
  <testcase name="roomConflict" classname="solver.TimeTableConstraintProviderTest" time="0.033"/>
  <testcase name="teacherConflict" classname="solver.TimeTableConstraintProviderTest" time="0.026"/>
  <testcase name="studentGroupConflict" classname="solver.TimeTableConstraintProviderTest" time="0.012"/>
  <testcase name="studentGroupSubjectVariety" classname="solver.TimeTableConstraintProviderTest" time="0.01"/>
  <testcase name="teacherTimeEfficiency" classname="solver.TimeTableConstraintProviderTest" time="0.007"/>
</testsuite>